<!DOCTYPE html PUBLIC "-//W3C//DTD XHTML 1.1//EN" "http://www.w3.org/TR/xhtml11/DTD/xhtml11.dtd">
<html xmlns="http://www.w3.org/1999/xhtml">
<head>
<meta http-equiv="content-type" content="text/html; charset=UTF-8"/>
<title>TestNG Report</title>
<style type="text/css">table {margin-bottom:10px;border-collapse:collapse;empty-cells:show}th,td {border:1px solid #009;padding:.25em .5em}th {vertical-align:bottom}td {vertical-align:top}table a {font-weight:bold}.stripe td {background-color: #E6EBF9}.num {text-align:right}.passedodd td {background-color: #3F3}.passedeven td {background-color: #0A0}.skippedodd td {background-color: #DDD}.skippedeven td {background-color: #CCC}.failedodd td,.attn {background-color: #F33}.failedeven td,.stripe .attn {background-color: #D00}.stacktrace {white-space:pre;font-family:monospace}.totop {font-size:85%;text-align:center;border-bottom:2px solid #000}.invisible {display:none}</style>
</head>
<body>
<table>
<tr><th>Test</th><th># Passed</th><th># Skipped</th><th># Retried</th><th># Failed</th><th>Time (ms)</th><th>Included Groups</th><th>Excluded Groups</th></tr>
<tr><th colspan="8">Android</th></tr>
<tr><td><a href="#t0">TestNGXMLTest Test</a></td><td class="num">3</td><td class="num">0</td><td class="num">0</td><td class="num attn">2</td><td class="num">1,217,924</td><td></td><td></td></tr>
</table>
<table id='summary'><thead><tr><th>Class</th><th>Method</th><th>Start</th><th>Time (ms)</th></tr></thead><tbody><tr><th colspan="4">Android</th></tr></tbody><tbody id="t0"><tr><th colspan="4">TestNGXMLTest Test &#8212; failed</th></tr><tr class="failedeven"><td rowspan="2">com.bite.mobile.tests.E2E</td><td><a href="#m0">CreateAnAccount</a></td><td rowspan="1">1589550401021</td><td rowspan="1">121507</td></tr><tr class="failedeven"><td><a href="#m1">LinkCard</a></td><td rowspan="1">1589550766485</td><td rowspan="1">121403</td></tr><tr><th colspan="4">TestNGXMLTest Test &#8212; passed</th></tr><tr class="passedeven"><td rowspan="3">com.bite.mobile.tests.E2E</td><td><a href="#m2">LaunchBiteApp</a></td><td rowspan="1">1589549672011</td><td rowspan="1">728991</td></tr><tr class="passedeven"><td><a href="#m3">Order</a></td><td rowspan="1">1589550645449</td><td rowspan="1">121025</td></tr><tr class="passedeven"><td><a href="#m4">reviewOrder</a></td><td rowspan="1">1589550523840</td><td rowspan="1">121607</td></tr></tbody>
</table>
<h2>TestNGXMLTest Test</h2><h3 id="m0">com.bite.mobile.tests.E2E#CreateAnAccount</h3><table class="result"><tr class="param"><th>Parameter #1</th><th>Parameter #2</th><th>Parameter #3</th><th>Parameter #4</th><th>Parameter #5</th><th>Parameter #6</th><th>Parameter #7</th><th>Parameter #8</th><th>Parameter #9</th><th>Parameter #10</th><th>Parameter #11</th></tr><tr class="param stripe"><td>bitetest@gmail.com</td><td>Create an Account</td><td>Next, letâ€™s create an account:</td><td>Stephen</td><td>John</td><td>Gmail123</td><td>Gmail123</td><td>June</td><td>1999</td><td>Male</td><td>3019874772</td></tr><tr><th colspan="11">Messages</th></tr><tr><td colspan="11"><div class="messages"><a target="_blank" href="screenshots/15-May-2020__07_18_43PM.png">Screenshot Captured</a><br/><br><a  target='_blank' href="screenshots/15-May-2020__07_18_43PM.png" ><img height=200, width=200, src="screenshots/15-May-2020__07_18_43PM.png" alt=""/></img></a></div></td></tr><tr><th colspan="11">Exception</th></tr><tr><td colspan="11"><div class="stacktrace">java.lang.AssertionError: expected [Create an Account] but found [null]
	at org.testng.Assert.fail(Assert.java:97)
	at org.testng.Assert.failNotEquals(Assert.java:969)
	at org.testng.Assert.assertEqualsImpl(Assert.java:131)
	at org.testng.Assert.assertEquals(Assert.java:118)
	at org.testng.Assert.assertEquals(Assert.java:575)
	at org.testng.Assert.assertEquals(Assert.java:585)
	at com.bite.mobile.base.ScreenBase.assertEquals(ScreenBase.java:72)
	at com.bite.mobile.lib.CommonDeviceLib.CreateAnAccount(CommonDeviceLib.java:84)
	at com.bite.mobile.tests.E2E.CreateAnAccount(E2E.java:38)
	at sun.reflect.NativeMethodAccessorImpl.invoke0(Native Method)
	at sun.reflect.NativeMethodAccessorImpl.invoke(NativeMethodAccessorImpl.java:62)
	at sun.reflect.DelegatingMethodAccessorImpl.invoke(DelegatingMethodAccessorImpl.java:43)
	at java.lang.reflect.Method.invoke(Method.java:498)
	at org.testng.internal.MethodInvocationHelper.invokeMethod(MethodInvocationHelper.java:134)
	at org.testng.internal.TestInvoker.invokeMethod(TestInvoker.java:597)
	at org.testng.internal.TestInvoker.invokeTestMethod(TestInvoker.java:173)
	at org.testng.internal.MethodRunner.runInSequence(MethodRunner.java:46)
	at org.testng.internal.TestInvoker$MethodInvocationAgent.invoke(TestInvoker.java:816)
	at org.testng.internal.TestInvoker.invokeTestMethods(TestInvoker.java:146)
	at org.testng.internal.TestMethodWorker.invokeTestMethods(TestMethodWorker.java:146)
	at org.testng.internal.TestMethodWorker.run(TestMethodWorker.java:128)
	at java.util.ArrayList.forEach(ArrayList.java:1257)
	at org.testng.TestRunner.privateRun(TestRunner.java:766)
	at org.testng.TestRunner.run(TestRunner.java:587)
	at org.testng.SuiteRunner.runTest(SuiteRunner.java:384)
	at org.testng.SuiteRunner.runSequentially(SuiteRunner.java:378)
	at org.testng.SuiteRunner.privateRun(SuiteRunner.java:337)
	at org.testng.SuiteRunner.run(SuiteRunner.java:286)
	at org.testng.SuiteRunnerWorker.runSuite(SuiteRunnerWorker.java:53)
	at org.testng.SuiteRunnerWorker.run(SuiteRunnerWorker.java:96)
	at org.testng.TestNG.runSuitesSequentially(TestNG.java:1187)
	at org.testng.TestNG.runSuitesLocally(TestNG.java:1109)
	at org.testng.TestNG.runSuites(TestNG.java:1039)
	at org.testng.TestNG.run(TestNG.java:1007)
	at org.apache.maven.surefire.testng.TestNGExecutor.run(TestNGExecutor.java:295)
	at org.apache.maven.surefire.testng.TestNGXmlTestSuite.execute(TestNGXmlTestSuite.java:84)
	at org.apache.maven.surefire.testng.TestNGProvider.invoke(TestNGProvider.java:90)
	at org.apache.maven.surefire.booter.ForkedBooter.invokeProviderInSameClassLoader(ForkedBooter.java:203)
	at org.apache.maven.surefire.booter.ForkedBooter.runSuitesInProcess(ForkedBooter.java:155)
	at org.apache.maven.surefire.booter.ForkedBooter.main(ForkedBooter.java:103)
</div></td></tr></table><p class="totop"><a href="#summary">back to summary</a></p>
<h3 id="m1">com.bite.mobile.tests.E2E#LinkCard</h3><table class="result"><tr class="param"><th>Parameter #1</th><th>Parameter #2</th><th>Parameter #3</th><th>Parameter #4</th><th>Parameter #5</th></tr><tr class="param stripe"><td>5399999999999990</td><td>11</td><td>2023</td><td>999</td><td>98760</td></tr><tr><th colspan="5">Messages</th></tr><tr><td colspan="5"><div class="messages"><a target="_blank" href="screenshots/15-May-2020__07_24_49PM.png">Screenshot Captured</a><br/><br><a  target='_blank' href="screenshots/15-May-2020__07_24_49PM.png" ><img height=200, width=200, src="screenshots/15-May-2020__07_24_49PM.png" alt=""/></img></a></div></td></tr><tr><th colspan="5">Exception</th></tr><tr><td colspan="5"><div class="stacktrace">org.openqa.selenium.TimeoutException: Timed out after 120 seconds waiting for presence of element located by: By.xpath: //android.widget.TextView[@text=&apos;PAY&apos;]
Build info: version: &apos;2.53.1&apos;, revision: &apos;a36b8b1cd5757287168e54b817830adce9b0158d&apos;, time: &apos;2016-06-30 19:26:09&apos;
System info: host: &apos;CTLINLP-0651&apos;, ip: &apos;192.168.0.5&apos;, os.name: &apos;Windows 10&apos;, os.arch: &apos;amd64&apos;, os.version: &apos;10.0&apos;, java.version: &apos;1.8.0_152&apos;
Driver info: io.appium.java_client.android.AndroidDriver
Capabilities [{appPackage=com.sodexo.noram.stage.com, device.majorVersion=10, dontGoHomeOnQuit=false, device.os=Android, noReset=false, dontStopAppOnReset=false, reservationDuration=240, reportFormat=xml, fullReset=false, platform=ANY, deviceUDID=2560c1bc8c0d7ece, install.only.for.update=false, desired={appPackage=com.sodexo.noram.stage.com, appActivity=md5069c4aff7a878927b23bd8de4a8ac49e.SplashActivity, noReset=false, takesScreenshot=true, platformName=Android, udid=2560c1bc8c0d7ece, dataReset=true}, device.serialNumber=2560c1bc8c0d7ece, locationServicesAuthorized=false, device.version=10, takesScreenshot=true, reportDirectory=reports, autoWebview=false, platformName=Android, udid=2560c1bc8c0d7ece, dataReset=true, testName=mobile test 05/15/20 07:04 PM, device.screenSize=1080x2220, useKeystore=false, test.type=Mobile, commandTimeouts=120000, device.manufacture=samsung, instrumentApp=false, appiumVersion=1.8.0, device.category=PHONE, autoDismissAlerts=false, reportUrl=C:\Users\e002091\appiumstudio-reports\reports\test36, newSessionWaitTimeout=600, keystorePath=~/.android/debug.keystore, appActivity=md5069c4aff7a878927b23bd8de4a8ac49e.SplashActivity, waitForDeviceTimeout=120000, device.model=SM-G965F, device.name=SM-G965F, autoGrantPermissions=false, appBuildVersion=, appReleaseVersion=, takeScreenshots=true, projectName=, autoAcceptAlerts=false}]
Session ID: 1ffd6bbc-261c-4ef6-814e-5f7bdee1a4ee
	at org.openqa.selenium.support.ui.WebDriverWait.timeoutException(WebDriverWait.java:80)
	at org.openqa.selenium.support.ui.FluentWait.until(FluentWait.java:261)
	at com.bite.mobile.base.ScreenBase.waitForElementPresent(ScreenBase.java:43)
	at com.bite.mobile.base.ScreenBase.waitForElementPresent(ScreenBase.java:39)
	at com.bite.mobile.screens.android.MenusScreen.selectMenu(MenusScreen.java:69)
	at com.bite.mobile.lib.CommonDeviceLib.AddPaymentMethod(CommonDeviceLib.java:153)
	at com.bite.mobile.tests.E2E.LinkCard(E2E.java:62)
	at sun.reflect.NativeMethodAccessorImpl.invoke0(Native Method)
	at sun.reflect.NativeMethodAccessorImpl.invoke(NativeMethodAccessorImpl.java:62)
	at sun.reflect.DelegatingMethodAccessorImpl.invoke(DelegatingMethodAccessorImpl.java:43)
	at java.lang.reflect.Method.invoke(Method.java:498)
	at org.testng.internal.MethodInvocationHelper.invokeMethod(MethodInvocationHelper.java:134)
	at org.testng.internal.TestInvoker.invokeMethod(TestInvoker.java:597)
	at org.testng.internal.TestInvoker.invokeTestMethod(TestInvoker.java:173)
	at org.testng.internal.MethodRunner.runInSequence(MethodRunner.java:46)
	at org.testng.internal.TestInvoker$MethodInvocationAgent.invoke(TestInvoker.java:816)
	at org.testng.internal.TestInvoker.invokeTestMethods(TestInvoker.java:146)
	at org.testng.internal.TestMethodWorker.invokeTestMethods(TestMethodWorker.java:146)
	at org.testng.internal.TestMethodWorker.run(TestMethodWorker.java:128)
	at java.util.ArrayList.forEach(ArrayList.java:1257)
	at org.testng.TestRunner.privateRun(TestRunner.java:766)
	at org.testng.TestRunner.run(TestRunner.java:587)
	at org.testng.SuiteRunner.runTest(SuiteRunner.java:384)
	at org.testng.SuiteRunner.runSequentially(SuiteRunner.java:378)
	at org.testng.SuiteRunner.privateRun(SuiteRunner.java:337)
	at org.testng.SuiteRunner.run(SuiteRunner.java:286)
	at org.testng.SuiteRunnerWorker.runSuite(SuiteRunnerWorker.java:53)
	at org.testng.SuiteRunnerWorker.run(SuiteRunnerWorker.java:96)
	at org.testng.TestNG.runSuitesSequentially(TestNG.java:1187)
	at org.testng.TestNG.runSuitesLocally(TestNG.java:1109)
	at org.testng.TestNG.runSuites(TestNG.java:1039)
	at org.testng.TestNG.run(TestNG.java:1007)
	at org.apache.maven.surefire.testng.TestNGExecutor.run(TestNGExecutor.java:295)
	at org.apache.maven.surefire.testng.TestNGXmlTestSuite.execute(TestNGXmlTestSuite.java:84)
	at org.apache.maven.surefire.testng.TestNGProvider.invoke(TestNGProvider.java:90)
	at org.apache.maven.surefire.booter.ForkedBooter.invokeProviderInSameClassLoader(ForkedBooter.java:203)
	at org.apache.maven.surefire.booter.ForkedBooter.runSuitesInProcess(ForkedBooter.java:155)
	at org.apache.maven.surefire.booter.ForkedBooter.main(ForkedBooter.java:103)
Caused by: org.openqa.selenium.NoSuchElementException: no such element (An element could not be located on the page using the given search parameters (XPATH=&apos;//android.widget.TextView[@text=&apos;PAY&apos;]&apos;))  (WARNING: The server did not provide any stacktrace information)
Command duration or timeout: 1.23 seconds
For documentation on this error, please visit: http://seleniumhq.org/exceptions/no_such_element.html
Build info: version: &apos;2.53.1&apos;, revision: &apos;a36b8b1cd5757287168e54b817830adce9b0158d&apos;, time: &apos;2016-06-30 19:26:09&apos;
System info: host: &apos;CTLINLP-0651&apos;, ip: &apos;192.168.0.5&apos;, os.name: &apos;Windows 10&apos;, os.arch: &apos;amd64&apos;, os.version: &apos;10.0&apos;, java.version: &apos;1.8.0_152&apos;
Driver info: io.appium.java_client.android.AndroidDriver
Capabilities [{appPackage=com.sodexo.noram.stage.com, device.majorVersion=10, dontGoHomeOnQuit=false, device.os=Android, noReset=false, dontStopAppOnReset=false, reservationDuration=240, reportFormat=xml, fullReset=false, platform=ANY, deviceUDID=2560c1bc8c0d7ece, install.only.for.update=false, desired={appPackage=com.sodexo.noram.stage.com, appActivity=md5069c4aff7a878927b23bd8de4a8ac49e.SplashActivity, noReset=false, takesScreenshot=true, platformName=Android, udid=2560c1bc8c0d7ece, dataReset=true}, device.serialNumber=2560c1bc8c0d7ece, locationServicesAuthorized=false, device.version=10, takesScreenshot=true, reportDirectory=reports, autoWebview=false, platformName=Android, udid=2560c1bc8c0d7ece, dataReset=true, testName=mobile test 05/15/20 07:04 PM, device.screenSize=1080x2220, useKeystore=false, test.type=Mobile, commandTimeouts=120000, device.manufacture=samsung, instrumentApp=false, appiumVersion=1.8.0, device.category=PHONE, autoDismissAlerts=false, reportUrl=C:\Users\e002091\appiumstudio-reports\reports\test36, newSessionWaitTimeout=600, keystorePath=~/.android/debug.keystore, appActivity=md5069c4aff7a878927b23bd8de4a8ac49e.SplashActivity, waitForDeviceTimeout=120000, device.model=SM-G965F, device.name=SM-G965F, autoGrantPermissions=false, appBuildVersion=, appReleaseVersion=, takeScreenshots=true, projectName=, autoAcceptAlerts=false}]
Session ID: 1ffd6bbc-261c-4ef6-814e-5f7bdee1a4ee
*** Element info: {Using=xpath, value=//android.widget.TextView[@text=&apos;PAY&apos;]}
	at sun.reflect.GeneratedConstructorAccessor14.newInstance(Unknown Source)
	at sun.reflect.DelegatingConstructorAccessorImpl.newInstance(DelegatingConstructorAccessorImpl.java:45)
	at java.lang.reflect.Constructor.newInstance(Constructor.java:423)
	at org.openqa.selenium.remote.ErrorHandler.createThrowable(ErrorHandler.java:206)
	at org.openqa.selenium.remote.ErrorHandler.throwIfResponseFailed(ErrorHandler.java:158)
	at org.openqa.selenium.remote.RemoteWebDriver.execute(RemoteWebDriver.java:678)
	at io.appium.java_client.DefaultGenericMobileDriver.execute(DefaultGenericMobileDriver.java:40)
	at io.appium.java_client.AppiumDriver.execute(AppiumDriver.java:1)
	at io.appium.java_client.android.AndroidDriver.execute(AndroidDriver.java:1)
	at org.openqa.selenium.remote.RemoteWebDriver.findElement(RemoteWebDriver.java:363)
	at io.appium.java_client.DefaultGenericMobileDriver.findElement(DefaultGenericMobileDriver.java:56)
	at io.appium.java_client.AppiumDriver.findElement(AppiumDriver.java:1)
	at io.appium.java_client.android.AndroidDriver.findElement(AndroidDriver.java:1)
	at org.openqa.selenium.remote.RemoteWebDriver.findElementByXPath(RemoteWebDriver.java:500)
	at io.appium.java_client.DefaultGenericMobileDriver.findElementByXPath(DefaultGenericMobileDriver.java:134)
	at io.appium.java_client.AppiumDriver.findElementByXPath(AppiumDriver.java:1)
	at io.appium.java_client.android.AndroidDriver.findElementByXPath(AndroidDriver.java:1)
	at org.openqa.selenium.By$ByXPath.findElement(By.java:361)
	at org.openqa.selenium.remote.RemoteWebDriver.findElement(RemoteWebDriver.java:355)
	at io.appium.java_client.DefaultGenericMobileDriver.findElement(DefaultGenericMobileDriver.java:52)
	at io.appium.java_client.AppiumDriver.findElement(AppiumDriver.java:1)
	at io.appium.java_client.android.AndroidDriver.findElement(AndroidDriver.java:1)
	at org.openqa.selenium.support.ui.ExpectedConditions.findElement(ExpectedConditions.java:899)
	at org.openqa.selenium.support.ui.ExpectedConditions.access$000(ExpectedConditions.java:41)
	at org.openqa.selenium.support.ui.ExpectedConditions$6.apply(ExpectedConditions.java:181)
	at org.openqa.selenium.support.ui.ExpectedConditions$6.apply(ExpectedConditions.java:178)
	at org.openqa.selenium.support.ui.FluentWait.until(FluentWait.java:238)
	... 36 more
</div></td></tr></table><p class="totop"><a href="#summary">back to summary</a></p>
<h3 id="m2">com.bite.mobile.tests.E2E#LaunchBiteApp</h3><table class="result"><tr class="param"><th>Parameter #1</th></tr><tr class="param stripe"><td>CHILDRENS</td></tr></table><p class="totop"><a href="#summary">back to summary</a></p>
<h3 id="m3">com.bite.mobile.tests.E2E#Order</h3><table class="result"><tr class="param"><th>Parameter #1</th><th>Parameter #2</th><th>Parameter #3</th><th>Parameter #4</th><th>Parameter #5</th></tr><tr class="param stripe"><td>HBO Cafe</td><td>Bacon Slices</td><td>HBO Cafe Grill</td><td>Turkey Burger</td><td>Test comment</td></tr></table><p class="totop"><a href="#summary">back to summary</a></p>
<h3 id="m4">com.bite.mobile.tests.E2E#reviewOrder</h3><table class="result"><tr class="param"><th>Parameter #1</th><th>Parameter #2</th><th>Parameter #3</th><th>Parameter #4</th><th>Parameter #5</th></tr><tr class="param stripe"><td>HBO Cafe</td><td>Bacon Slices</td><td>HBO Cafe Grill</td><td>Turkey Burger</td><td>Test comment</td></tr></table><p class="totop"><a href="#summary">back to summary</a></p>
</body>
</html>
